<?xml version="1.0" encoding="UTF-8"?>
<!-- Generated by org.testng.reporters.JUnitXMLReporter -->
<testsuite hostname="EPLTVILW0107" ignored="0" name="CheckEstimatedParametersInComputeEnginePage" tests="5" failures="0" timestamp="2022-03-31T11:00:20 EEST" time="90.338" errors="0">
  <testcase name="testVerifyCommitmentTerm" time="14.788" classname="com.epam.automation.test.EstimatedParametersTest"/>
  <testcase name="testVerifyInstanceType" time="14.5" classname="com.epam.automation.test.EstimatedParametersTest"/>
  <testcase name="testVerifyLocalSSD" time="15.987" classname="com.epam.automation.test.EstimatedParametersTest"/>
  <testcase name="testVerifyRegion" time="18.22" classname="com.epam.automation.test.EstimatedParametersTest"/>
  <testcase name="testVerifyVMClassField" time="15.674" classname="com.epam.automation.test.EstimatedParametersTest"/>
</testsuite> <!-- CheckEstimatedParametersInComputeEnginePage -->
