<?xml version="1.0" encoding="UTF-8"?>
<!-- Generated by org.testng.reporters.JUnitXMLReporter -->
<testsuite hostname="EPLTVILW0107" ignored="0" name="CheckEstimatedParametersInComputeEnginePage" tests="5" failures="0" timestamp="2022-03-30T18:29:40 EEST" time="86.17" errors="0">
  <testcase name="testVerifyCommitmentTerm" time="16.148" classname="com.epam.automation.test.EstimatedParametersTest"/>
  <testcase name="testVerifyInstanceType" time="13.237" classname="com.epam.automation.test.EstimatedParametersTest"/>
  <testcase name="testVerifyLocalSSD" time="14.582" classname="com.epam.automation.test.EstimatedParametersTest"/>
  <testcase name="testVerifyRegion" time="16.724" classname="com.epam.automation.test.EstimatedParametersTest"/>
  <testcase name="testVerifyVMClassField" time="14.81" classname="com.epam.automation.test.EstimatedParametersTest"/>
</testsuite> <!-- CheckEstimatedParametersInComputeEnginePage -->
