<?xml version="1.0" encoding="UTF-8"?>
<testng-results skipped="0" failed="1" ignored="0" total="7" passed="6">
  <reporter-output>
  </reporter-output>
  <suite name="Smoke" duration-ms="141825" started-at="2022-03-30T17:25:00 EEST" finished-at="2022-03-30T17:27:22 EEST">
    <groups>
    </groups>
    <test name="CheckEstimatedCostInComputeEnginePage" duration-ms="19188" started-at="2022-03-30T17:25:00 EEST" finished-at="2022-03-30T17:25:19 EEST">
      <class name="com.epam.automation.test.EstimatedCostInComputeEngineTest">
        <test-method status="PASS" signature="setUp()[pri:0, instance:com.epam.automation.test.EstimatedCostInComputeEngineTest@4d41cee]" name="setUp" is-config="true" duration-ms="2503" started-at="2022-03-30T17:25:00 EEST" finished-at="2022-03-30T17:25:02 EEST">
          <reporter-output>
          </reporter-output>
        </test-method> <!-- setUp -->
        <test-method status="PASS" signature="compareOfCalculationsByProgramAndManually()[pri:0, instance:com.epam.automation.test.EstimatedCostInComputeEngineTest@4d41cee]" name="compareOfCalculationsByProgramAndManually" duration-ms="15633" started-at="2022-03-30T17:25:02 EEST" description="Check that the rental amount coincides with the manual calculation" finished-at="2022-03-30T17:25:18 EEST">
          <reporter-output>
          </reporter-output>
        </test-method> <!-- compareOfCalculationsByProgramAndManually -->
        <test-method status="PASS" signature="stopBrowser()[pri:0, instance:com.epam.automation.test.EstimatedCostInComputeEngineTest@4d41cee]" name="stopBrowser" is-config="true" duration-ms="1028" started-at="2022-03-30T17:25:18 EEST" finished-at="2022-03-30T17:25:19 EEST">
          <reporter-output>
          </reporter-output>
        </test-method> <!-- stopBrowser -->
      </class> <!-- com.epam.automation.test.EstimatedCostInComputeEngineTest -->
    </test> <!-- CheckEstimatedCostInComputeEnginePage -->
    <test name="CheckEstimatedCostInTempMailPage" duration-ms="38080" started-at="2022-03-30T17:25:19 EEST" finished-at="2022-03-30T17:25:57 EEST">
      <class name="com.epam.automation.test.EstimatedCostInEmailTest">
        <test-method status="PASS" signature="setUp()[pri:0, instance:com.epam.automation.test.EstimatedCostInEmailTest@19d481b]" name="setUp" is-config="true" duration-ms="1323" started-at="2022-03-30T17:25:19 EEST" finished-at="2022-03-30T17:25:20 EEST">
          <reporter-output>
          </reporter-output>
        </test-method> <!-- setUp -->
        <test-method status="FAIL" signature="calculationInEstimateAndEmail()[pri:0, instance:com.epam.automation.test.EstimatedCostInEmailTest@19d481b]" name="calculationInEstimateAndEmail" duration-ms="35676" started-at="2022-03-30T17:25:20 EEST" description="Check calculation in Estimate and Mail." finished-at="2022-03-30T17:25:56 EEST">
          <exception class="org.openqa.selenium.TimeoutException">
            <message>
              <![CDATA[Expected condition failed: waiting for com.epam.automation.helper.Waiter$$Lambda$469/180949634@7f79edee (tried for 20 second(s) with 500 milliseconds interval)
Build info: version: '4.1.2', revision: '9a5a329c5a'
System info: host: 'EPLTVILW0107', ip: '10.22.7.180', os.name: 'Windows 10', os.arch: 'amd64', os.version: '10.0', java.version: '1.8.0_202'
Driver info: org.openqa.selenium.chrome.ChromeDriver
Capabilities {acceptInsecureCerts: false, browserName: chrome, browserVersion: 99.0.4844.84, chrome: {chromedriverVersion: 99.0.4844.51 (d537ec02474b5..., userDataDir: C:\Users\DMITRY~1\AppData\L...}, goog:chromeOptions: {debuggerAddress: localhost:64998}, javascriptEnabled: true, networkConnectionEnabled: false, pageLoadStrategy: normal, platform: WINDOWS, platformName: WINDOWS, proxy: Proxy(), se:cdp: ws://localhost:64998/devtoo..., se:cdpVersion: 99.0.4844.84, setWindowRect: true, strictFileInteractability: false, timeouts: {implicit: 0, pageLoad: 300000, script: 30000}, unhandledPromptBehavior: dismiss and notify, webauthn:extension:credBlob: true, webauthn:extension:largeBlob: true, webauthn:virtualAuthenticators: true}
Session ID: c9cd4cf3073be60ad7f762f6923e7e8e]]>
            </message>
            <full-stacktrace>
              <![CDATA[org.openqa.selenium.TimeoutException: Expected condition failed: waiting for com.epam.automation.helper.Waiter$$Lambda$469/180949634@7f79edee (tried for 20 second(s) with 500 milliseconds interval)
Build info: version: '4.1.2', revision: '9a5a329c5a'
System info: host: 'EPLTVILW0107', ip: '10.22.7.180', os.name: 'Windows 10', os.arch: 'amd64', os.version: '10.0', java.version: '1.8.0_202'
Driver info: org.openqa.selenium.chrome.ChromeDriver
Capabilities {acceptInsecureCerts: false, browserName: chrome, browserVersion: 99.0.4844.84, chrome: {chromedriverVersion: 99.0.4844.51 (d537ec02474b5..., userDataDir: C:\Users\DMITRY~1\AppData\L...}, goog:chromeOptions: {debuggerAddress: localhost:64998}, javascriptEnabled: true, networkConnectionEnabled: false, pageLoadStrategy: normal, platform: WINDOWS, platformName: WINDOWS, proxy: Proxy(), se:cdp: ws://localhost:64998/devtoo..., se:cdpVersion: 99.0.4844.84, setWindowRect: true, strictFileInteractability: false, timeouts: {implicit: 0, pageLoad: 300000, script: 30000}, unhandledPromptBehavior: dismiss and notify, webauthn:extension:credBlob: true, webauthn:extension:largeBlob: true, webauthn:virtualAuthenticators: true}
Session ID: c9cd4cf3073be60ad7f762f6923e7e8e
at org.openqa.selenium.support.ui.WebDriverWait.timeoutException(WebDriverWait.java:138)
at org.openqa.selenium.support.ui.FluentWait.until(FluentWait.java:231)
at com.epam.automation.helper.Waiter.waitUntilNewWindowHandleAppear(Waiter.java:49)
at com.epam.automation.page.tempmail.TempMailHomePage.openPage(TempMailHomePage.java:22)
at com.epam.automation.test.EstimatedCostInEmailTest.calculationInEstimateAndEmail(EstimatedCostInEmailTest.java:24)
at sun.reflect.NativeMethodAccessorImpl.invoke0(Native Method)
at sun.reflect.NativeMethodAccessorImpl.invoke(NativeMethodAccessorImpl.java:62)
at sun.reflect.DelegatingMethodAccessorImpl.invoke(DelegatingMethodAccessorImpl.java:43)
at java.lang.reflect.Method.invoke(Method.java:498)
at org.testng.internal.invokers.MethodInvocationHelper.invokeMethod(MethodInvocationHelper.java:135)
at org.testng.internal.invokers.TestInvoker.invokeMethod(TestInvoker.java:673)
at org.testng.internal.invokers.TestInvoker.invokeTestMethod(TestInvoker.java:220)
at org.testng.internal.invokers.MethodRunner.runInSequence(MethodRunner.java:50)
at org.testng.internal.invokers.TestInvoker$MethodInvocationAgent.invoke(TestInvoker.java:945)
at org.testng.internal.invokers.TestInvoker.invokeTestMethods(TestInvoker.java:193)
at org.testng.internal.invokers.TestMethodWorker.invokeTestMethods(TestMethodWorker.java:146)
at org.testng.internal.invokers.TestMethodWorker.run(TestMethodWorker.java:128)
at java.util.ArrayList.forEach(ArrayList.java:1257)
at org.testng.TestRunner.privateRun(TestRunner.java:808)
at org.testng.TestRunner.run(TestRunner.java:603)
at org.testng.SuiteRunner.runTest(SuiteRunner.java:429)
at org.testng.SuiteRunner.runSequentially(SuiteRunner.java:423)
at org.testng.SuiteRunner.privateRun(SuiteRunner.java:383)
at org.testng.SuiteRunner.run(SuiteRunner.java:326)
at org.testng.SuiteRunnerWorker.runSuite(SuiteRunnerWorker.java:52)
at org.testng.SuiteRunnerWorker.run(SuiteRunnerWorker.java:95)
at org.testng.TestNG.runSuitesSequentially(TestNG.java:1249)
at org.testng.TestNG.runSuitesLocally(TestNG.java:1169)
at org.testng.TestNG.runSuites(TestNG.java:1092)
at org.testng.TestNG.run(TestNG.java:1060)
at org.apache.maven.surefire.testng.TestNGExecutor.run(TestNGExecutor.java:283)
at org.apache.maven.surefire.testng.TestNGXmlTestSuite.execute(TestNGXmlTestSuite.java:75)
at org.apache.maven.surefire.testng.TestNGProvider.invoke(TestNGProvider.java:120)
at org.apache.maven.surefire.booter.ForkedBooter.invokeProviderInSameClassLoader(ForkedBooter.java:384)
at org.apache.maven.surefire.booter.ForkedBooter.runSuitesInProcess(ForkedBooter.java:345)
at org.apache.maven.surefire.booter.ForkedBooter.execute(ForkedBooter.java:126)
at org.apache.maven.surefire.booter.ForkedBooter.main(ForkedBooter.java:418)
]]>
            </full-stacktrace>
          </exception> <!-- org.openqa.selenium.TimeoutException -->
          <reporter-output>
          </reporter-output>
        </test-method> <!-- calculationInEstimateAndEmail -->
        <test-method status="PASS" signature="stopBrowser()[pri:0, instance:com.epam.automation.test.EstimatedCostInEmailTest@19d481b]" name="stopBrowser" is-config="true" duration-ms="834" started-at="2022-03-30T17:25:56 EEST" finished-at="2022-03-30T17:25:57 EEST">
          <reporter-output>
          </reporter-output>
        </test-method> <!-- stopBrowser -->
      </class> <!-- com.epam.automation.test.EstimatedCostInEmailTest -->
    </test> <!-- CheckEstimatedCostInTempMailPage -->
    <test name="CheckEstimatedParametersInComputeEnginePage" duration-ms="84557" started-at="2022-03-30T17:25:57 EEST" finished-at="2022-03-30T17:27:22 EEST">
      <class name="com.epam.automation.test.EstimatedParametersTest">
        <test-method status="PASS" signature="setUp()[pri:0, instance:com.epam.automation.test.EstimatedParametersTest@77eca502]" name="setUp" is-config="true" duration-ms="1303" started-at="2022-03-30T17:25:57 EEST" finished-at="2022-03-30T17:25:58 EEST">
          <reporter-output>
          </reporter-output>
        </test-method> <!-- setUp -->
        <test-method status="PASS" signature="testVerifyCommitmentTerm()[pri:0, instance:com.epam.automation.test.EstimatedParametersTest@77eca502]" name="testVerifyCommitmentTerm" duration-ms="14795" started-at="2022-03-30T17:25:58 EEST" description="Check Commitment Term" finished-at="2022-03-30T17:26:13 EEST">
          <reporter-output>
          </reporter-output>
        </test-method> <!-- testVerifyCommitmentTerm -->
        <test-method status="PASS" signature="stopBrowser()[pri:0, instance:com.epam.automation.test.EstimatedParametersTest@77eca502]" name="stopBrowser" is-config="true" duration-ms="1042" started-at="2022-03-30T17:26:13 EEST" finished-at="2022-03-30T17:26:14 EEST">
          <reporter-output>
          </reporter-output>
        </test-method> <!-- stopBrowser -->
        <test-method status="PASS" signature="setUp()[pri:0, instance:com.epam.automation.test.EstimatedParametersTest@77eca502]" name="setUp" is-config="true" duration-ms="1174" started-at="2022-03-30T17:26:14 EEST" finished-at="2022-03-30T17:26:15 EEST">
          <reporter-output>
          </reporter-output>
        </test-method> <!-- setUp -->
        <test-method status="PASS" signature="testVerifyInstanceType()[pri:0, instance:com.epam.automation.test.EstimatedParametersTest@77eca502]" name="testVerifyInstanceType" duration-ms="14575" started-at="2022-03-30T17:26:15 EEST" description="Check Instance type" finished-at="2022-03-30T17:26:30 EEST">
          <reporter-output>
          </reporter-output>
        </test-method> <!-- testVerifyInstanceType -->
        <test-method status="PASS" signature="stopBrowser()[pri:0, instance:com.epam.automation.test.EstimatedParametersTest@77eca502]" name="stopBrowser" is-config="true" duration-ms="772" started-at="2022-03-30T17:26:30 EEST" finished-at="2022-03-30T17:26:31 EEST">
          <reporter-output>
          </reporter-output>
        </test-method> <!-- stopBrowser -->
        <test-method status="PASS" signature="setUp()[pri:0, instance:com.epam.automation.test.EstimatedParametersTest@77eca502]" name="setUp" is-config="true" duration-ms="1231" started-at="2022-03-30T17:26:31 EEST" finished-at="2022-03-30T17:26:32 EEST">
          <reporter-output>
          </reporter-output>
        </test-method> <!-- setUp -->
        <test-method status="PASS" signature="testVerifyLocalSSD()[pri:0, instance:com.epam.automation.test.EstimatedParametersTest@77eca502]" name="testVerifyLocalSSD" duration-ms="13816" started-at="2022-03-30T17:26:32 EEST" description="Check LocalSSD" finished-at="2022-03-30T17:26:46 EEST">
          <reporter-output>
          </reporter-output>
        </test-method> <!-- testVerifyLocalSSD -->
        <test-method status="PASS" signature="stopBrowser()[pri:0, instance:com.epam.automation.test.EstimatedParametersTest@77eca502]" name="stopBrowser" is-config="true" duration-ms="1167" started-at="2022-03-30T17:26:46 EEST" finished-at="2022-03-30T17:26:47 EEST">
          <reporter-output>
          </reporter-output>
        </test-method> <!-- stopBrowser -->
        <test-method status="PASS" signature="setUp()[pri:0, instance:com.epam.automation.test.EstimatedParametersTest@77eca502]" name="setUp" is-config="true" duration-ms="1205" started-at="2022-03-30T17:26:47 EEST" finished-at="2022-03-30T17:26:48 EEST">
          <reporter-output>
          </reporter-output>
        </test-method> <!-- setUp -->
        <test-method status="PASS" signature="testVerifyRegion()[pri:0, instance:com.epam.automation.test.EstimatedParametersTest@77eca502]" name="testVerifyRegion" duration-ms="14938" started-at="2022-03-30T17:26:48 EEST" description="Check Region" finished-at="2022-03-30T17:27:03 EEST">
          <reporter-output>
          </reporter-output>
        </test-method> <!-- testVerifyRegion -->
        <test-method status="PASS" signature="stopBrowser()[pri:0, instance:com.epam.automation.test.EstimatedParametersTest@77eca502]" name="stopBrowser" is-config="true" duration-ms="1170" started-at="2022-03-30T17:27:03 EEST" finished-at="2022-03-30T17:27:04 EEST">
          <reporter-output>
          </reporter-output>
        </test-method> <!-- stopBrowser -->
        <test-method status="PASS" signature="setUp()[pri:0, instance:com.epam.automation.test.EstimatedParametersTest@77eca502]" name="setUp" is-config="true" duration-ms="1248" started-at="2022-03-30T17:27:04 EEST" finished-at="2022-03-30T17:27:06 EEST">
          <reporter-output>
          </reporter-output>
        </test-method> <!-- setUp -->
        <test-method status="PASS" signature="testVerifyVMClassField()[pri:0, instance:com.epam.automation.test.EstimatedParametersTest@77eca502]" name="testVerifyVMClassField" duration-ms="15246" started-at="2022-03-30T17:27:06 EEST" description="Check VmClass" finished-at="2022-03-30T17:27:21 EEST">
          <reporter-output>
          </reporter-output>
        </test-method> <!-- testVerifyVMClassField -->
        <test-method status="PASS" signature="stopBrowser()[pri:0, instance:com.epam.automation.test.EstimatedParametersTest@77eca502]" name="stopBrowser" is-config="true" duration-ms="872" started-at="2022-03-30T17:27:21 EEST" finished-at="2022-03-30T17:27:22 EEST">
          <reporter-output>
          </reporter-output>
        </test-method> <!-- stopBrowser -->
      </class> <!-- com.epam.automation.test.EstimatedParametersTest -->
    </test> <!-- CheckEstimatedParametersInComputeEnginePage -->
  </suite> <!-- Smoke -->
</testng-results>
