<?xml version="1.0" encoding="UTF-8"?>
<testng-results skipped="0" failed="1" ignored="0" total="7" passed="6">
  <reporter-output>
  </reporter-output>
  <suite name="Smoke" duration-ms="120550" started-at="2022-03-30T15:50:43 EEST" finished-at="2022-03-30T15:52:44 EEST">
    <groups>
    </groups>
    <test name="CheckEstimatedCostInComputeEnginePage" duration-ms="20128" started-at="2022-03-30T15:50:43 EEST" finished-at="2022-03-30T15:51:04 EEST">
      <class name="com.epam.automation.test.EstimatedCostInComputeEngineTest">
        <test-method status="PASS" signature="setUp()[pri:0, instance:com.epam.automation.test.EstimatedCostInComputeEngineTest@3712b94]" name="setUp" is-config="true" duration-ms="2223" started-at="2022-03-30T15:50:43 EEST" finished-at="2022-03-30T15:50:46 EEST">
          <reporter-output>
          </reporter-output>
        </test-method> <!-- setUp -->
        <test-method status="PASS" signature="compareOfCalculationsByProgramAndManually()[pri:0, instance:com.epam.automation.test.EstimatedCostInComputeEngineTest@3712b94]" name="compareOfCalculationsByProgramAndManually" duration-ms="17120" started-at="2022-03-30T15:50:46 EEST" description="Check that the rental amount coincides with the manual calculation" finished-at="2022-03-30T15:51:03 EEST">
          <reporter-output>
          </reporter-output>
        </test-method> <!-- compareOfCalculationsByProgramAndManually -->
        <test-method status="PASS" signature="stopBrowser()[pri:0, instance:com.epam.automation.test.EstimatedCostInComputeEngineTest@3712b94]" name="stopBrowser" is-config="true" duration-ms="768" started-at="2022-03-30T15:51:03 EEST" finished-at="2022-03-30T15:51:04 EEST">
          <reporter-output>
          </reporter-output>
        </test-method> <!-- stopBrowser -->
      </class> <!-- com.epam.automation.test.EstimatedCostInComputeEngineTest -->
    </test> <!-- CheckEstimatedCostInComputeEnginePage -->
    <test name="CheckEstimatedCostInTempMailPage" duration-ms="16663" started-at="2022-03-30T15:51:04 EEST" finished-at="2022-03-30T15:51:20 EEST">
      <class name="com.epam.automation.test.EstimatedCostInEmailTest">
        <test-method status="PASS" signature="setUp()[pri:0, instance:com.epam.automation.test.EstimatedCostInEmailTest@1f97cf0d]" name="setUp" is-config="true" duration-ms="1207" started-at="2022-03-30T15:51:04 EEST" finished-at="2022-03-30T15:51:05 EEST">
          <reporter-output>
          </reporter-output>
        </test-method> <!-- setUp -->
        <test-method status="FAIL" signature="calculationInEstimateAndEmail()[pri:0, instance:com.epam.automation.test.EstimatedCostInEmailTest@1f97cf0d]" name="calculationInEstimateAndEmail" duration-ms="13743" started-at="2022-03-30T15:51:05 EEST" description="Check calculation in Estimate and Mail." finished-at="2022-03-30T15:51:19 EEST">
          <exception class="org.openqa.selenium.NoSuchElementException">
            <message>
              <![CDATA[no such element: Unable to locate element: {"method":"xpath","selector":"//div[@class='md-select-menu-container cpc-region-select md-active md-clickable']//md-option//div[contains(text(),'Frankfurt (europe-west3)')]"}
  (Session info: chrome=99.0.4844.84)
For documentation on this error, please visit: https://selenium.dev/exceptions/#no_such_element
Build info: version: '4.1.2', revision: '9a5a329c5a'
System info: host: 'EPLTVILW0107', ip: '10.22.7.180', os.name: 'Windows 10', os.arch: 'amd64', os.version: '10.0', java.version: '1.8.0_202'
Driver info: org.openqa.selenium.chrome.ChromeDriver
Command: [afd674cba44f30e9cf8afaf85a075779, findChildElement {id=61cc9262-48e9-4346-a863-f6c98136ef9c, using=xpath, value=//div[@class='md-select-menu-container cpc-region-select md-active md-clickable']//md-option//div[contains(text(),'Frankfurt (europe-west3)')]}]
Capabilities {acceptInsecureCerts: false, browserName: chrome, browserVersion: 99.0.4844.84, chrome: {chromedriverVersion: 99.0.4844.51 (d537ec02474b5..., userDataDir: C:\Users\DMITRY~1\AppData\L...}, goog:chromeOptions: {debuggerAddress: localhost:60646}, javascriptEnabled: true, networkConnectionEnabled: false, pageLoadStrategy: normal, platform: WINDOWS, platformName: WINDOWS, proxy: Proxy(), se:cdp: ws://localhost:60646/devtoo..., se:cdpVersion: 99.0.4844.84, setWindowRect: true, strictFileInteractability: false, timeouts: {implicit: 0, pageLoad: 300000, script: 30000}, unhandledPromptBehavior: dismiss and notify, webauthn:extension:credBlob: true, webauthn:extension:largeBlob: true, webauthn:virtualAuthenticators: true}
Session ID: afd674cba44f30e9cf8afaf85a075779]]>
            </message>
            <full-stacktrace>
              <![CDATA[org.openqa.selenium.NoSuchElementException: no such element: Unable to locate element: {"method":"xpath","selector":"//div[@class='md-select-menu-container cpc-region-select md-active md-clickable']//md-option//div[contains(text(),'Frankfurt (europe-west3)')]"}
  (Session info: chrome=99.0.4844.84)
For documentation on this error, please visit: https://selenium.dev/exceptions/#no_such_element
Build info: version: '4.1.2', revision: '9a5a329c5a'
System info: host: 'EPLTVILW0107', ip: '10.22.7.180', os.name: 'Windows 10', os.arch: 'amd64', os.version: '10.0', java.version: '1.8.0_202'
Driver info: org.openqa.selenium.chrome.ChromeDriver
Command: [afd674cba44f30e9cf8afaf85a075779, findChildElement {id=61cc9262-48e9-4346-a863-f6c98136ef9c, using=xpath, value=//div[@class='md-select-menu-container cpc-region-select md-active md-clickable']//md-option//div[contains(text(),'Frankfurt (europe-west3)')]}]
Capabilities {acceptInsecureCerts: false, browserName: chrome, browserVersion: 99.0.4844.84, chrome: {chromedriverVersion: 99.0.4844.51 (d537ec02474b5..., userDataDir: C:\Users\DMITRY~1\AppData\L...}, goog:chromeOptions: {debuggerAddress: localhost:60646}, javascriptEnabled: true, networkConnectionEnabled: false, pageLoadStrategy: normal, platform: WINDOWS, platformName: WINDOWS, proxy: Proxy(), se:cdp: ws://localhost:60646/devtoo..., se:cdpVersion: 99.0.4844.84, setWindowRect: true, strictFileInteractability: false, timeouts: {implicit: 0, pageLoad: 300000, script: 30000}, unhandledPromptBehavior: dismiss and notify, webauthn:extension:credBlob: true, webauthn:extension:largeBlob: true, webauthn:virtualAuthenticators: true}
Session ID: afd674cba44f30e9cf8afaf85a075779
at sun.reflect.NativeConstructorAccessorImpl.newInstance0(Native Method)
at sun.reflect.NativeConstructorAccessorImpl.newInstance(NativeConstructorAccessorImpl.java:62)
at sun.reflect.DelegatingConstructorAccessorImpl.newInstance(DelegatingConstructorAccessorImpl.java:45)
at java.lang.reflect.Constructor.newInstance(Constructor.java:423)
at org.openqa.selenium.remote.codec.w3c.W3CHttpResponseCodec.createException(W3CHttpResponseCodec.java:200)
at org.openqa.selenium.remote.codec.w3c.W3CHttpResponseCodec.decode(W3CHttpResponseCodec.java:133)
at org.openqa.selenium.remote.codec.w3c.W3CHttpResponseCodec.decode(W3CHttpResponseCodec.java:53)
at org.openqa.selenium.remote.HttpCommandExecutor.execute(HttpCommandExecutor.java:184)
at org.openqa.selenium.remote.service.DriverCommandExecutor.invokeExecute(DriverCommandExecutor.java:167)
at org.openqa.selenium.remote.service.DriverCommandExecutor.execute(DriverCommandExecutor.java:142)
at org.openqa.selenium.remote.RemoteWebDriver.execute(RemoteWebDriver.java:558)
at org.openqa.selenium.remote.ElementLocation$ElementFinder$2.findElement(ElementLocation.java:162)
at org.openqa.selenium.remote.ElementLocation.findElement(ElementLocation.java:60)
at org.openqa.selenium.remote.RemoteWebDriver.findElement(RemoteWebDriver.java:382)
at org.openqa.selenium.remote.RemoteWebElement.findElement(RemoteWebElement.java:221)
at sun.reflect.GeneratedMethodAccessor2.invoke(Unknown Source)
at sun.reflect.DelegatingMethodAccessorImpl.invoke(DelegatingMethodAccessorImpl.java:43)
at java.lang.reflect.Method.invoke(Method.java:498)
at org.openqa.selenium.support.pagefactory.internal.LocatingElementHandler.invoke(LocatingElementHandler.java:52)
at com.sun.proxy.$Proxy28.findElement(Unknown Source)
at com.epam.automation.util.SelecterMD.selectRegion(SelecterMD.java:52)
at com.epam.automation.page.googlecloud.GoogleCloudFillComputeEngine.fillDatacenterLocation(GoogleCloudFillComputeEngine.java:104)
at com.epam.automation.page.googlecloud.GoogleCloudFillComputeEngine.fillFormWithData(GoogleCloudFillComputeEngine.java:145)
at com.epam.automation.test.EstimatedCostInEmailTest.calculationInEstimateAndEmail(EstimatedCostInEmailTest.java:22)
at sun.reflect.NativeMethodAccessorImpl.invoke0(Native Method)
at sun.reflect.NativeMethodAccessorImpl.invoke(NativeMethodAccessorImpl.java:62)
at sun.reflect.DelegatingMethodAccessorImpl.invoke(DelegatingMethodAccessorImpl.java:43)
at java.lang.reflect.Method.invoke(Method.java:498)
at org.testng.internal.invokers.MethodInvocationHelper.invokeMethod(MethodInvocationHelper.java:135)
at org.testng.internal.invokers.TestInvoker.invokeMethod(TestInvoker.java:673)
at org.testng.internal.invokers.TestInvoker.invokeTestMethod(TestInvoker.java:220)
at org.testng.internal.invokers.MethodRunner.runInSequence(MethodRunner.java:50)
at org.testng.internal.invokers.TestInvoker$MethodInvocationAgent.invoke(TestInvoker.java:945)
at org.testng.internal.invokers.TestInvoker.invokeTestMethods(TestInvoker.java:193)
at org.testng.internal.invokers.TestMethodWorker.invokeTestMethods(TestMethodWorker.java:146)
at org.testng.internal.invokers.TestMethodWorker.run(TestMethodWorker.java:128)
at java.util.ArrayList.forEach(ArrayList.java:1257)
at org.testng.TestRunner.privateRun(TestRunner.java:808)
at org.testng.TestRunner.run(TestRunner.java:603)
at org.testng.SuiteRunner.runTest(SuiteRunner.java:429)
at org.testng.SuiteRunner.runSequentially(SuiteRunner.java:423)
at org.testng.SuiteRunner.privateRun(SuiteRunner.java:383)
at org.testng.SuiteRunner.run(SuiteRunner.java:326)
at org.testng.SuiteRunnerWorker.runSuite(SuiteRunnerWorker.java:52)
at org.testng.SuiteRunnerWorker.run(SuiteRunnerWorker.java:95)
at org.testng.TestNG.runSuitesSequentially(TestNG.java:1249)
at org.testng.TestNG.runSuitesLocally(TestNG.java:1169)
at org.testng.TestNG.runSuites(TestNG.java:1092)
at org.testng.TestNG.run(TestNG.java:1060)
at org.apache.maven.surefire.testng.TestNGExecutor.run(TestNGExecutor.java:283)
at org.apache.maven.surefire.testng.TestNGXmlTestSuite.execute(TestNGXmlTestSuite.java:75)
at org.apache.maven.surefire.testng.TestNGProvider.invoke(TestNGProvider.java:120)
at org.apache.maven.surefire.booter.ForkedBooter.invokeProviderInSameClassLoader(ForkedBooter.java:384)
at org.apache.maven.surefire.booter.ForkedBooter.runSuitesInProcess(ForkedBooter.java:345)
at org.apache.maven.surefire.booter.ForkedBooter.execute(ForkedBooter.java:126)
at org.apache.maven.surefire.booter.ForkedBooter.main(ForkedBooter.java:418)
]]>
            </full-stacktrace>
          </exception> <!-- org.openqa.selenium.NoSuchElementException -->
          <reporter-output>
          </reporter-output>
        </test-method> <!-- calculationInEstimateAndEmail -->
        <test-method status="PASS" signature="stopBrowser()[pri:0, instance:com.epam.automation.test.EstimatedCostInEmailTest@1f97cf0d]" name="stopBrowser" is-config="true" duration-ms="1507" started-at="2022-03-30T15:51:19 EEST" finished-at="2022-03-30T15:51:20 EEST">
          <reporter-output>
          </reporter-output>
        </test-method> <!-- stopBrowser -->
      </class> <!-- com.epam.automation.test.EstimatedCostInEmailTest -->
    </test> <!-- CheckEstimatedCostInTempMailPage -->
    <test name="CheckEstimatedParametersInComputeEnginePage" duration-ms="83744" started-at="2022-03-30T15:51:20 EEST" finished-at="2022-03-30T15:52:44 EEST">
      <class name="com.epam.automation.test.EstimatedParametersTest">
        <test-method status="PASS" signature="setUp()[pri:0, instance:com.epam.automation.test.EstimatedParametersTest@3246fb96]" name="setUp" is-config="true" duration-ms="1204" started-at="2022-03-30T15:51:20 EEST" finished-at="2022-03-30T15:51:21 EEST">
          <reporter-output>
          </reporter-output>
        </test-method> <!-- setUp -->
        <test-method status="PASS" signature="testVerifyCommitmentTerm()[pri:0, instance:com.epam.automation.test.EstimatedParametersTest@3246fb96]" name="testVerifyCommitmentTerm" duration-ms="13164" started-at="2022-03-30T15:51:21 EEST" description="Check Commitment Term" finished-at="2022-03-30T15:51:35 EEST">
          <reporter-output>
          </reporter-output>
        </test-method> <!-- testVerifyCommitmentTerm -->
        <test-method status="PASS" signature="stopBrowser()[pri:0, instance:com.epam.automation.test.EstimatedParametersTest@3246fb96]" name="stopBrowser" is-config="true" duration-ms="1017" started-at="2022-03-30T15:51:35 EEST" finished-at="2022-03-30T15:51:36 EEST">
          <reporter-output>
          </reporter-output>
        </test-method> <!-- stopBrowser -->
        <test-method status="PASS" signature="setUp()[pri:0, instance:com.epam.automation.test.EstimatedParametersTest@3246fb96]" name="setUp" is-config="true" duration-ms="1189" started-at="2022-03-30T15:51:36 EEST" finished-at="2022-03-30T15:51:37 EEST">
          <reporter-output>
          </reporter-output>
        </test-method> <!-- setUp -->
        <test-method status="PASS" signature="testVerifyInstanceType()[pri:0, instance:com.epam.automation.test.EstimatedParametersTest@3246fb96]" name="testVerifyInstanceType" duration-ms="12570" started-at="2022-03-30T15:51:37 EEST" description="Check Instance type" finished-at="2022-03-30T15:51:49 EEST">
          <reporter-output>
          </reporter-output>
        </test-method> <!-- testVerifyInstanceType -->
        <test-method status="PASS" signature="stopBrowser()[pri:0, instance:com.epam.automation.test.EstimatedParametersTest@3246fb96]" name="stopBrowser" is-config="true" duration-ms="1128" started-at="2022-03-30T15:51:49 EEST" finished-at="2022-03-30T15:51:51 EEST">
          <reporter-output>
          </reporter-output>
        </test-method> <!-- stopBrowser -->
        <test-method status="PASS" signature="setUp()[pri:0, instance:com.epam.automation.test.EstimatedParametersTest@3246fb96]" name="setUp" is-config="true" duration-ms="1188" started-at="2022-03-30T15:51:51 EEST" finished-at="2022-03-30T15:51:52 EEST">
          <reporter-output>
          </reporter-output>
        </test-method> <!-- setUp -->
        <test-method status="PASS" signature="testVerifyLocalSSD()[pri:0, instance:com.epam.automation.test.EstimatedParametersTest@3246fb96]" name="testVerifyLocalSSD" duration-ms="14723" started-at="2022-03-30T15:51:52 EEST" description="Check LocalSSD" finished-at="2022-03-30T15:52:06 EEST">
          <reporter-output>
          </reporter-output>
        </test-method> <!-- testVerifyLocalSSD -->
        <test-method status="PASS" signature="stopBrowser()[pri:0, instance:com.epam.automation.test.EstimatedParametersTest@3246fb96]" name="stopBrowser" is-config="true" duration-ms="997" started-at="2022-03-30T15:52:06 EEST" finished-at="2022-03-30T15:52:07 EEST">
          <reporter-output>
          </reporter-output>
        </test-method> <!-- stopBrowser -->
        <test-method status="PASS" signature="setUp()[pri:0, instance:com.epam.automation.test.EstimatedParametersTest@3246fb96]" name="setUp" is-config="true" duration-ms="1160" started-at="2022-03-30T15:52:07 EEST" finished-at="2022-03-30T15:52:09 EEST">
          <reporter-output>
          </reporter-output>
        </test-method> <!-- setUp -->
        <test-method status="PASS" signature="testVerifyRegion()[pri:0, instance:com.epam.automation.test.EstimatedParametersTest@3246fb96]" name="testVerifyRegion" duration-ms="18051" started-at="2022-03-30T15:52:09 EEST" description="Check Region" finished-at="2022-03-30T15:52:27 EEST">
          <reporter-output>
          </reporter-output>
        </test-method> <!-- testVerifyRegion -->
        <test-method status="PASS" signature="stopBrowser()[pri:0, instance:com.epam.automation.test.EstimatedParametersTest@3246fb96]" name="stopBrowser" is-config="true" duration-ms="1468" started-at="2022-03-30T15:52:27 EEST" finished-at="2022-03-30T15:52:28 EEST">
          <reporter-output>
          </reporter-output>
        </test-method> <!-- stopBrowser -->
        <test-method status="PASS" signature="setUp()[pri:0, instance:com.epam.automation.test.EstimatedParametersTest@3246fb96]" name="setUp" is-config="true" duration-ms="1197" started-at="2022-03-30T15:52:28 EEST" finished-at="2022-03-30T15:52:29 EEST">
          <reporter-output>
          </reporter-output>
        </test-method> <!-- setUp -->
        <test-method status="PASS" signature="testVerifyVMClassField()[pri:0, instance:com.epam.automation.test.EstimatedParametersTest@3246fb96]" name="testVerifyVMClassField" duration-ms="13847" started-at="2022-03-30T15:52:29 EEST" description="Check VmClass" finished-at="2022-03-30T15:52:43 EEST">
          <reporter-output>
          </reporter-output>
        </test-method> <!-- testVerifyVMClassField -->
        <test-method status="PASS" signature="stopBrowser()[pri:0, instance:com.epam.automation.test.EstimatedParametersTest@3246fb96]" name="stopBrowser" is-config="true" duration-ms="839" started-at="2022-03-30T15:52:43 EEST" finished-at="2022-03-30T15:52:44 EEST">
          <reporter-output>
          </reporter-output>
        </test-method> <!-- stopBrowser -->
      </class> <!-- com.epam.automation.test.EstimatedParametersTest -->
    </test> <!-- CheckEstimatedParametersInComputeEnginePage -->
  </suite> <!-- Smoke -->
</testng-results>
