<?xml version="1.0" encoding="UTF-8"?>
<testsuite xmlns:xsi="http://www.w3.org/2001/XMLSchema-instance" xsi:noNamespaceSchemaLocation="https://maven.apache.org/surefire/maven-surefire-plugin/xsd/surefire-test-report.xsd" name="TestSuite" time="158.271" tests="7" errors="0" skipped="0" failures="1">
  <properties>
[...]
</properties>
  <testcase name="compareOfCalculationsByProgramAndManually" classname="com.epam.automation.test.EstimatedCostInComputeEngineTest" time="15.493"/>
  <testcase name="calculationInEstimateAndEmail" classname="com.epam.automation.test.EstimatedCostInEmailTest" time="53.452">
    <failure message="Expected condition failed: waiting for text (&apos;Estimated Monthly Cost:&apos;) to be present in element Proxy element for: DefaultElementLocator &apos;By.xpath: //h2[contains(text(), &apos;Estimated Monthly Cost:&apos;)]&apos; (tried for 20 second(s) with 500 milliseconds interval)" type="org.openqa.selenium.TimeoutException">org.openqa.selenium.TimeoutException: Expected condition failed: waiting for text ('Estimated Monthly Cost:') to be present in element Proxy element for: DefaultElementLocator 'By.xpath: //h2[contains(text(), 'Estimated Monthly Cost:')]' (tried for 20 second(s) with 500 milliseconds interval)
	at com.epam.automation.test.EstimatedCostInEmailTest.calculationInEstimateAndEmail(EstimatedCostInEmailTest.java:28)
Caused by: org.openqa.selenium.NoSuchElementException: 
no such element: Unable to locate element: {"method":"xpath","selector":"//h2[contains(text(), 'Estimated Monthly Cost:')]"}
  (Session info: chrome=99.0.4844.84)
For documentation on this error, please visit: https://selenium.dev/exceptions/#no_such_element
Build info: version: '4.1.2', revision: '9a5a329c5a'
System info: host: 'EPLTVILW0107', ip: '10.22.7.180', os.name: 'Windows 10', os.arch: 'amd64', os.version: '10.0', java.version: '17.0.2'
Driver info: org.openqa.selenium.chrome.ChromeDriver
Command: [8f0f20632e9d9de852652c398e553427, findElement {using=xpath, value=//h2[contains(text(), 'Estimated Monthly Cost:')]}]
Capabilities {acceptInsecureCerts: false, browserName: chrome, browserVersion: 99.0.4844.84, chrome: {chromedriverVersion: 99.0.4844.51 (d537ec02474b5..., userDataDir: C:\Users\DMITRY~1\AppData\L...}, goog:chromeOptions: {debuggerAddress: localhost:58244}, javascriptEnabled: true, networkConnectionEnabled: false, pageLoadStrategy: normal, platform: WINDOWS, platformName: WINDOWS, proxy: Proxy(), se:cdp: ws://localhost:58244/devtoo..., se:cdpVersion: 99.0.4844.84, setWindowRect: true, strictFileInteractability: false, timeouts: {implicit: 0, pageLoad: 300000, script: 30000}, unhandledPromptBehavior: dismiss and notify, webauthn:extension:credBlob: true, webauthn:extension:largeBlob: true, webauthn:virtualAuthenticators: true}
Session ID: 8f0f20632e9d9de852652c398e553427
	at com.epam.automation.test.EstimatedCostInEmailTest.calculationInEstimateAndEmail(EstimatedCostInEmailTest.java:28)
</failure>
    <system-out><![CDATA[12:44:06.422 [AsyncHttpClient-1-4] TRACE io.netty.handler.codec.http.websocketx.WebSocket08FrameEncoder - Encoding WebSocket Frame opCode=8 length=26
12:44:11.206 [main] TRACE com.epam.automation.util.TestLogger - Page https://cloud.google.com/ is opened
12:44:11.500 [main] TRACE com.epam.automation.util.TestLogger - Search with search query Google Cloud Pricing Calculatorwas executed.
12:44:18.435 [main] TRACE com.epam.automation.util.TestLogger - Page Google Cloud Pricing Calculator is opened
12:44:18.641 [main] TRACE com.epam.automation.util.TestLogger - Page with calculator is opened
12:44:18.642 [main] TRACE com.epam.automation.util.TestLogger - numberOfInstance is 4
12:44:18.762 [main] TRACE com.epam.automation.util.TestLogger - purposeOfUse is 
12:44:18.835 [main] TRACE com.epam.automation.util.TestLogger - operatingSystem is Free: Debian, CentOS, CoreOS, Ubuntu or BYOL (Bring Your Own License)
12:44:19.036 [main] TRACE com.epam.automation.util.TestLogger - virtualMachinesClass is Regular
12:44:19.212 [main] TRACE com.epam.automation.util.TestLogger - serie is N1
12:44:19.939 [main] TRACE com.epam.automation.util.TestLogger - machineType is n1-standard-8 (vCPUs: 8, RAM: 30GB)
12:44:20.122 [main] TRACE com.epam.automation.util.TestLogger - committedUsage is 1 Year
12:44:20.312 [main] TRACE com.epam.automation.util.TestLogger - datacenterLocation is Frankfurt (europe-west3)
12:44:20.557 [main] TRACE com.epam.automation.util.TestLogger - addGPUType is NVIDIA Tesla P100
12:44:20.793 [main] TRACE com.epam.automation.util.TestLogger - numberOfGpu is 1
12:44:21.477 [main] TRACE com.epam.automation.util.TestLogger - localSSD is 2x375
12:44:22.133 [main] TRACE com.epam.automation.util.TestLogger - Added to estimate.
12:44:22.276 [main] TRACE com.epam.automation.util.TestLogger - Clicked button to select send email.
12:44:22.506 [main] TRACE com.epam.automation.util.TestLogger - Compute Engine form filled
12:44:24.937 [main] TRACE com.epam.automation.util.TestLogger - Page https://temp-mail.org is opened
12:44:30.594 [main] TRACE com.epam.automation.util.TestLogger - Temp email address was received on https://temp-mail.org
12:44:30.881 [main] TRACE com.epam.automation.util.TestLogger - Send Email button was pressed.
]]></system-out>
    <system-err><![CDATA[Mar 30, 2022 12:44:06 PM org.openqa.selenium.remote.http.WebSocket$Listener onError
WARNING: Connection reset
java.net.SocketException: Connection reset
	at java.base/sun.nio.ch.SocketChannelImpl.throwConnectionReset(SocketChannelImpl.java:394)
	at java.base/sun.nio.ch.SocketChannelImpl.read(SocketChannelImpl.java:426)
	at io.netty.buffer.PooledByteBuf.setBytes(PooledByteBuf.java:258)
	at io.netty.buffer.AbstractByteBuf.writeBytes(AbstractByteBuf.java:1132)
	at io.netty.channel.socket.nio.NioSocketChannel.doReadBytes(NioSocketChannel.java:350)
	at io.netty.channel.nio.AbstractNioByteChannel$NioByteUnsafe.read(AbstractNioByteChannel.java:151)
	at io.netty.channel.nio.NioEventLoop.processSelectedKey(NioEventLoop.java:722)
	at io.netty.channel.nio.NioEventLoop.processSelectedKeysOptimized(NioEventLoop.java:658)
	at io.netty.channel.nio.NioEventLoop.processSelectedKeys(NioEventLoop.java:584)
	at io.netty.channel.nio.NioEventLoop.run(NioEventLoop.java:496)
	at io.netty.util.concurrent.SingleThreadEventExecutor$4.run(SingleThreadEventExecutor.java:986)
	at io.netty.util.internal.ThreadExecutorMap$2.run(ThreadExecutorMap.java:74)
	at io.netty.util.concurrent.FastThreadLocalRunnable.run(FastThreadLocalRunnable.java:30)
	at java.base/java.lang.Thread.run(Thread.java:833)

Starting ChromeDriver 99.0.4844.51 (d537ec02474b5afe23684e7963d538896c63ac77-refs/branch-heads/4844@{#875}) on port 60911
Only local connections are allowed.
Please see https://chromedriver.chromium.org/security-considerations for suggestions on keeping ChromeDriver safe.
ChromeDriver was started successfully.
Mar 30, 2022 12:44:07 PM org.openqa.selenium.remote.ProtocolHandshake createSession
INFO: Detected dialect: W3C
Mar 30, 2022 12:44:07 PM org.openqa.selenium.devtools.CdpVersionFinder findNearestMatch
WARNING: Unable to find an exact match for CDP version 99, so returning the closest version found: 97
Mar 30, 2022 12:44:07 PM org.openqa.selenium.devtools.CdpVersionFinder findNearestMatch
INFO: Found CDP implementation for version 99 of 97
]]></system-err>
  </testcase>
  <testcase name="testVerifyCommitmentTerm" classname="com.epam.automation.test.EstimatedParametersTest" time="16.882"/>
  <testcase name="testVerifyInstanceType" classname="com.epam.automation.test.EstimatedParametersTest" time="15.831"/>
  <testcase name="testVerifyLocalSSD" classname="com.epam.automation.test.EstimatedParametersTest" time="16.31"/>
  <testcase name="testVerifyRegion" classname="com.epam.automation.test.EstimatedParametersTest" time="15.767"/>
  <testcase name="testVerifyVMClassField" classname="com.epam.automation.test.EstimatedParametersTest" time="14.492"/>
</testsuite>