<?xml version="1.0" encoding="UTF-8"?>
<testsuite xmlns:xsi="http://www.w3.org/2001/XMLSchema-instance" xsi:noNamespaceSchemaLocation="https://maven.apache.org/surefire/maven-surefire-plugin/xsd/surefire-test-report.xsd" name="TestSuite" time="142.658" tests="7" errors="0" skipped="0" failures="1">
  <properties>
[...]
</properties>
  <testcase name="compareOfCalculationsByProgramAndManually" classname="com.epam.automation.test.EstimatedCostInComputeEngineTest" time="15.636"/>
  <testcase name="calculationInEstimateAndEmail" classname="com.epam.automation.test.EstimatedCostInEmailTest" time="35.687">
    <failure message="Expected condition failed: waiting for com.epam.automation.helper.Waiter$$Lambda$469/180949634@7f79edee (tried for 20 second(s) with 500 milliseconds interval)&#10;Build info: version: &apos;4.1.2&apos;, revision: &apos;9a5a329c5a&apos;&#10;System info: host: &apos;EPLTVILW0107&apos;, ip: &apos;10.22.7.180&apos;, os.name: &apos;Windows 10&apos;, os.arch: &apos;amd64&apos;, os.version: &apos;10.0&apos;, java.version: &apos;1.8.0_202&apos;&#10;Driver info: org.openqa.selenium.chrome.ChromeDriver&#10;Capabilities {acceptInsecureCerts: false, browserName: chrome, browserVersion: 99.0.4844.84, chrome: {chromedriverVersion: 99.0.4844.51 (d537ec02474b5..., userDataDir: C:\Users\DMITRY~1\AppData\L...}, goog:chromeOptions: {debuggerAddress: localhost:64998}, javascriptEnabled: true, networkConnectionEnabled: false, pageLoadStrategy: normal, platform: WINDOWS, platformName: WINDOWS, proxy: Proxy(), se:cdp: ws://localhost:64998/devtoo..., se:cdpVersion: 99.0.4844.84, setWindowRect: true, strictFileInteractability: false, timeouts: {implicit: 0, pageLoad: 300000, script: 30000}, unhandledPromptBehavior: dismiss and notify, webauthn:extension:credBlob: true, webauthn:extension:largeBlob: true, webauthn:virtualAuthenticators: true}&#10;Session ID: c9cd4cf3073be60ad7f762f6923e7e8e" type="org.openqa.selenium.TimeoutException">org.openqa.selenium.TimeoutException: 
Expected condition failed: waiting for com.epam.automation.helper.Waiter$$Lambda$469/180949634@7f79edee (tried for 20 second(s) with 500 milliseconds interval)
Build info: version: '4.1.2', revision: '9a5a329c5a'
System info: host: 'EPLTVILW0107', ip: '10.22.7.180', os.name: 'Windows 10', os.arch: 'amd64', os.version: '10.0', java.version: '1.8.0_202'
Driver info: org.openqa.selenium.chrome.ChromeDriver
Capabilities {acceptInsecureCerts: false, browserName: chrome, browserVersion: 99.0.4844.84, chrome: {chromedriverVersion: 99.0.4844.51 (d537ec02474b5..., userDataDir: C:\Users\DMITRY~1\AppData\L...}, goog:chromeOptions: {debuggerAddress: localhost:64998}, javascriptEnabled: true, networkConnectionEnabled: false, pageLoadStrategy: normal, platform: WINDOWS, platformName: WINDOWS, proxy: Proxy(), se:cdp: ws://localhost:64998/devtoo..., se:cdpVersion: 99.0.4844.84, setWindowRect: true, strictFileInteractability: false, timeouts: {implicit: 0, pageLoad: 300000, script: 30000}, unhandledPromptBehavior: dismiss and notify, webauthn:extension:credBlob: true, webauthn:extension:largeBlob: true, webauthn:virtualAuthenticators: true}
Session ID: c9cd4cf3073be60ad7f762f6923e7e8e
	at com.epam.automation.test.EstimatedCostInEmailTest.calculationInEstimateAndEmail(EstimatedCostInEmailTest.java:24)
</failure>
    <system-out><![CDATA[17:25:18.565 [AsyncHttpClient-1-4] TRACE io.netty.handler.codec.http.websocketx.WebSocket08FrameEncoder - Encoding WebSocket Frame opCode=8 length=26
17:25:25.261 [main] TRACE com.epam.automation.util.TestLogger - Page https://cloud.google.com/ is opened
17:25:25.625 [main] TRACE com.epam.automation.util.TestLogger - Search with search query Google Cloud Pricing Calculatorwas executed.
17:25:32.418 [main] TRACE com.epam.automation.util.TestLogger - Page Google Cloud Pricing Calculator is opened
17:25:32.625 [main] TRACE com.epam.automation.util.TestLogger - Page with calculator is opened
17:25:32.626 [main] TRACE com.epam.automation.util.TestLogger - numberOfInstance is 4
17:25:32.747 [main] TRACE com.epam.automation.util.TestLogger - purposeOfUse is 
17:25:32.814 [main] TRACE com.epam.automation.util.TestLogger - operatingSystem is Free: Debian, CentOS, CoreOS, Ubuntu or BYOL (Bring Your Own License)
17:25:32.973 [main] TRACE com.epam.automation.util.TestLogger - virtualMachinesClass is Regular
17:25:33.656 [main] TRACE com.epam.automation.util.TestLogger - serie is N1
17:25:33.892 [main] TRACE com.epam.automation.util.TestLogger - machineType is n1-standard-8 (vCPUs: 8, RAM: 30GB)
17:25:34.094 [main] TRACE com.epam.automation.util.TestLogger - committedUsage is 1 Year
17:25:34.286 [main] TRACE com.epam.automation.util.TestLogger - datacenterLocation is Frankfurt (europe-west3)
17:25:34.579 [main] TRACE com.epam.automation.util.TestLogger - addGPUType is NVIDIA Tesla P100
17:25:34.825 [main] TRACE com.epam.automation.util.TestLogger - numberOfGpu is 1
17:25:35.014 [main] TRACE com.epam.automation.util.TestLogger - localSSD is 2x375
17:25:35.688 [main] TRACE com.epam.automation.util.TestLogger - Added to estimate.
17:25:35.848 [main] TRACE com.epam.automation.util.TestLogger - Clicked button to select send email.
17:25:36.096 [main] TRACE com.epam.automation.util.TestLogger - Compute Engine form filled
]]></system-out>
    <system-err><![CDATA[Starting ChromeDriver 99.0.4844.51 (d537ec02474b5afe23684e7963d538896c63ac77-refs/branch-heads/4844@{#875}) on port 56798
Only local connections are allowed.
Please see https://chromedriver.chromium.org/security-considerations for suggestions on keeping ChromeDriver safe.
ChromeDriver was started successfully.
Mar 30, 2022 5:25:20 PM org.openqa.selenium.remote.ProtocolHandshake createSession
INFO: Detected dialect: W3C
Mar 30, 2022 5:25:20 PM org.openqa.selenium.devtools.CdpVersionFinder findNearestMatch
WARNING: Unable to find an exact match for CDP version 99, so returning the closest version found: 97
Mar 30, 2022 5:25:20 PM org.openqa.selenium.devtools.CdpVersionFinder findNearestMatch
INFO: Found CDP implementation for version 99 of 97
]]></system-err>
  </testcase>
  <testcase name="testVerifyCommitmentTerm" classname="com.epam.automation.test.EstimatedParametersTest" time="14.795"/>
  <testcase name="testVerifyInstanceType" classname="com.epam.automation.test.EstimatedParametersTest" time="14.575"/>
  <testcase name="testVerifyLocalSSD" classname="com.epam.automation.test.EstimatedParametersTest" time="13.815"/>
  <testcase name="testVerifyRegion" classname="com.epam.automation.test.EstimatedParametersTest" time="14.938"/>
  <testcase name="testVerifyVMClassField" classname="com.epam.automation.test.EstimatedParametersTest" time="15.246"/>
</testsuite>